0 info it worked if it ends with ok
1 verbose cli [
1 verbose cli   '/Users/amechiegbe/.nvm/versions/node/v12.1.0/bin/node',
1 verbose cli   '/Users/amechiegbe/Desktop/bitovi/github/academy/node_modules/.bin/npm',
1 verbose cli   'run',
1 verbose cli   'start'
1 verbose cli ]
2 info using npm@3.10.10
3 info using node@v12.1.0
4 warn invalid config loglevel="notice"
5 verbose stack Error: missing script: start
5 verbose stack     at run (/Users/amechiegbe/Desktop/bitovi/github/academy/node_modules/npm/lib/run-script.js:151:19)
5 verbose stack     at /Users/amechiegbe/Desktop/bitovi/github/academy/node_modules/npm/lib/run-script.js:61:5
5 verbose stack     at /Users/amechiegbe/Desktop/bitovi/github/academy/node_modules/npm/node_modules/read-package-json/read-json.js:356:5
5 verbose stack     at checkBinReferences_ (/Users/amechiegbe/Desktop/bitovi/github/academy/node_modules/npm/node_modules/read-package-json/read-json.js:320:45)
5 verbose stack     at final (/Users/amechiegbe/Desktop/bitovi/github/academy/node_modules/npm/node_modules/read-package-json/read-json.js:354:3)
5 verbose stack     at then (/Users/amechiegbe/Desktop/bitovi/github/academy/node_modules/npm/node_modules/read-package-json/read-json.js:124:5)
5 verbose stack     at /Users/amechiegbe/Desktop/bitovi/github/academy/node_modules/npm/node_modules/read-package-json/read-json.js:311:12
5 verbose stack     at /Users/amechiegbe/Desktop/bitovi/github/academy/node_modules/npm/node_modules/graceful-fs/graceful-fs.js:78:16
5 verbose stack     at FSReqCallback.readFileAfterClose [as oncomplete] (internal/fs/read_file_context.js:61:3)
6 verbose cwd /Users/amechiegbe/Desktop/bitovi/github/academy
7 error Darwin 15.6.0
8 error argv "/Users/amechiegbe/.nvm/versions/node/v12.1.0/bin/node" "/Users/amechiegbe/Desktop/bitovi/github/academy/node_modules/.bin/npm" "run" "start"
9 error node v12.1.0
10 error npm  v3.10.10
11 error missing script: start
12 error If you need help, you may report this error at:
12 error     <https://github.com/npm/npm/issues>
13 verbose exit [ 1, true ]
